  aimbot.cpp
  bonesetup.cpp
  button.cpp
  callbacks.cpp
  chams.cpp
  checkbox.cpp
  client.cpp
  clientstate.cpp
  colorpicker.cpp
  config.cpp
  edit.cpp
  events.cpp
  firebullets.cpp
  keybind.cpp
  matchframework.cpp
  materialsystem.cpp
  shadowmgr.cpp
  csgo.cpp
  cvar.cpp
  modelrender.cpp
  dropdown.cpp
  entry.cpp
  form.cpp
  grenades.cpp
  gui.cpp
  hooks.cpp
  hvh.cpp
  engine.cpp
  knifebot.cpp
  lagcomp.cpp
  clientdll.cpp
  shots.cpp
  skins.cpp
  surface.cpp
  math.cpp
  movement.cpp
  multidropdown.cpp
  netdata.cpp
  clientmode.cpp
  panel.cpp
  penetration.cpp
  player.cpp
  pred.cpp
  netchannel.cpp
  render.cpp
  viewrender.cpp
  resolver.cpp
  prediction.cpp
  renderview.cpp
  slider.cpp
  visuals.cpp
  wndproc.cpp
  Trwa generowanie kodu
  8605 of 8653 functions (99.4%) were compiled, the rest were copied from previous compilation.
    1813 functions were new in current compilation
    0 functions had inline decision re-evaluated but remain unchanged
  Zakończono generowanie kodu
  supremacy_csgo.vcxproj -> D:\COLUMBIA\columbia-recode\.\output\release\columbia.dll
